app/build/intermediates/manifest_merge_blame_file/debug/manifest-merger-blame-debug-report.txt
1<?xml version="1.0" encoding="utf-8"?>
2<manifest xmlns:android="http://schemas.android.com/apk/res/android"
3    package="org.techtown.se_project05"
4    android:versionCode="1"
5    android:versionName="1.0" >
6
7    <uses-sdk
8        android:minSdkVersion="21"
8-->src\main\AndroidManifest.xml
9        android:targetSdkVersion="31" />
9-->src\main\AndroidManifest.xml
10
11    <uses-permission android:name="android.permission.INTERNET" />
11-->src\main\AndroidManifest.xml:5:5-67
11-->src\main\AndroidManifest.xml:5:22-64
12
13    <application
13-->src\main\AndroidManifest.xml:7:5-51:19
14        android:allowBackup="true"
14-->src\main\AndroidManifest.xml:8:9-35
15        android:appComponentFactory="androidx.core.app.CoreComponentFactory"
15-->[androidx.core:core:1.7.0] AndroidManifest.xml:24:18-86
16        android:debuggable="true"
17        android:icon="@mipmap/ic_launcher"
17-->src\main\AndroidManifest.xml:9:9-43
18        android:label="@string/app_name"
18-->src\main\AndroidManifest.xml:10:9-41
19        android:roundIcon="@mipmap/ic_launcher_round"
19-->src\main\AndroidManifest.xml:11:9-54
20        android:supportsRtl="true"
20-->src\main\AndroidManifest.xml:12:9-35
21        android:testOnly="true"
22        android:theme="@style/Theme.SE_project05"
22-->src\main\AndroidManifest.xml:13:9-50
23        android:usesCleartextTraffic="true" >
23-->src\main\AndroidManifest.xml:14:9-44
24        <activity
24-->src\main\AndroidManifest.xml:15:9-17:40
25            android:name="org.techtown.se_project05.StudentBulletin_Detail"
25-->src\main\AndroidManifest.xml:16:13-51
26            android:exported="false" />
26-->src\main\AndroidManifest.xml:17:13-37
27        <activity
27-->src\main\AndroidManifest.xml:18:9-20:40
28            android:name="org.techtown.se_project05.StudentBulletin"
28-->src\main\AndroidManifest.xml:19:13-44
29            android:exported="false" />
29-->src\main\AndroidManifest.xml:20:13-37
30        <activity android:name="org.techtown.se_project05.Student_attendance" />
30-->src\main\AndroidManifest.xml:21:9-22:59
30-->src\main\AndroidManifest.xml:22:13-47
31        <activity
31-->src\main\AndroidManifest.xml:23:7-25:40
32            android:name="org.techtown.se_project05.Student_attendance_add"
32-->src\main\AndroidManifest.xml:24:13-51
33            android:exported="false" />
33-->src\main\AndroidManifest.xml:25:13-37
34        <activity
34-->src\main\AndroidManifest.xml:26:9-28:40
35            android:name="org.techtown.se_project05.Student_schedule"
35-->src\main\AndroidManifest.xml:27:13-45
36            android:exported="false" />
36-->src\main\AndroidManifest.xml:28:13-37
37        <activity
37-->src\main\AndroidManifest.xml:29:9-37:20
38            android:name="org.techtown.se_project05.LoginActivity"
38-->src\main\AndroidManifest.xml:30:13-42
39            android:exported="true" >
39-->src\main\AndroidManifest.xml:31:13-36
40            <intent-filter>
40-->src\main\AndroidManifest.xml:32:13-36:29
41                <action android:name="android.intent.action.MAIN" />
41-->src\main\AndroidManifest.xml:33:17-69
41-->src\main\AndroidManifest.xml:33:25-66
42
43                <category android:name="android.intent.category.LAUNCHER" />
43-->src\main\AndroidManifest.xml:35:17-77
43-->src\main\AndroidManifest.xml:35:27-74
44            </intent-filter>
45        </activity>
46        <activity android:name="org.techtown.se_project05.RegisterActivity" />
46-->src\main\AndroidManifest.xml:38:9-54
46-->src\main\AndroidManifest.xml:38:19-51
47        <activity android:name="org.techtown.se_project05.StudentInit" />
47-->src\main\AndroidManifest.xml:39:9-49
47-->src\main\AndroidManifest.xml:39:19-46
48        <activity android:name="org.techtown.se_project05.StudentClass" />
48-->src\main\AndroidManifest.xml:40:9-50
48-->src\main\AndroidManifest.xml:40:19-47
49        <activity android:name="org.techtown.se_project05.ManagerInit" />
49-->src\main\AndroidManifest.xml:41:9-49
49-->src\main\AndroidManifest.xml:41:19-46
50        <activity android:name="org.techtown.se_project05.ManagerAddClass" />
50-->src\main\AndroidManifest.xml:42:9-53
50-->src\main\AndroidManifest.xml:42:19-50
51        <activity android:name="org.techtown.se_project05.ManagerFunc" />
51-->src\main\AndroidManifest.xml:43:9-49
51-->src\main\AndroidManifest.xml:43:19-46
52        <activity android:name="org.techtown.se_project05.ManagerAddStudent" />
52-->src\main\AndroidManifest.xml:44:9-55
52-->src\main\AndroidManifest.xml:44:19-52
53        <activity android:name="org.techtown.se_project05.ManagerDeleteClass" />
53-->src\main\AndroidManifest.xml:45:9-56
53-->src\main\AndroidManifest.xml:45:19-53
54        <activity android:name="org.techtown.se_project05.ManagerAddBulletin" />
54-->src\main\AndroidManifest.xml:46:9-56
54-->src\main\AndroidManifest.xml:46:19-53
55        <activity android:name="org.techtown.se_project05.ManagerCheckAttendance" />
55-->src\main\AndroidManifest.xml:47:9-60
55-->src\main\AndroidManifest.xml:47:19-57
56        <activity android:name="org.techtown.se_project05.StudentFunc" />
56-->src\main\AndroidManifest.xml:48:9-58
56-->src\main\AndroidManifest.xml:48:19-46
57        <activity android:name="org.techtown.se_project05.ManagerAttendance" />
57-->src\main\AndroidManifest.xml:49:9-64
57-->src\main\AndroidManifest.xml:49:19-52
58        <activity android:name="org.techtown.se_project05.ManagerAttendanceTemp" />
58-->src\main\AndroidManifest.xml:50:9-68
58-->src\main\AndroidManifest.xml:50:19-56
59
60        <provider
60-->[androidx.emoji2:emoji2:1.0.0] AndroidManifest.xml:26:9-34:20
61            android:name="androidx.startup.InitializationProvider"
61-->[androidx.emoji2:emoji2:1.0.0] AndroidManifest.xml:27:13-67
62            android:authorities="org.techtown.se_project05.androidx-startup"
62-->[androidx.emoji2:emoji2:1.0.0] AndroidManifest.xml:28:13-68
63            android:exported="false" >
63-->[androidx.emoji2:emoji2:1.0.0] AndroidManifest.xml:29:13-37
64            <meta-data
64-->[androidx.emoji2:emoji2:1.0.0] AndroidManifest.xml:31:13-33:52
65                android:name="androidx.emoji2.text.EmojiCompatInitializer"
65-->[androidx.emoji2:emoji2:1.0.0] AndroidManifest.xml:32:17-75
66                android:value="androidx.startup" />
66-->[androidx.emoji2:emoji2:1.0.0] AndroidManifest.xml:33:17-49
67            <meta-data
67-->[androidx.lifecycle:lifecycle-process:2.4.0] AndroidManifest.xml:31:13-33:52
68                android:name="androidx.lifecycle.ProcessLifecycleInitializer"
68-->[androidx.lifecycle:lifecycle-process:2.4.0] AndroidManifest.xml:32:17-78
69                android:value="androidx.startup" />
69-->[androidx.lifecycle:lifecycle-process:2.4.0] AndroidManifest.xml:33:17-49
70        </provider>
71    </application>
72
73</manifest>